#
# There is insufficient memory for the Java Runtime Environment to continue.
# Native memory allocation (malloc) failed to allocate 65936 bytes for Chunk::new
# Possible reasons:
#   The system is out of physical RAM or swap space
#   The process is running with CompressedOops enabled, and the Java Heap may be blocking the growth of the native heap
# Possible solutions:
#   Reduce memory load on the system
#   Increase physical memory or swap space
#   Check if swap backing store is full
#   Decrease Java heap size (-Xmx/-Xms)
#   Decrease number of Java threads
#   Decrease Java thread stack sizes (-Xss)
#   Set larger code cache with -XX:ReservedCodeCacheSize=
#   JVM is running with Unscaled Compressed Oops mode in which the Java heap is
#     placed in the first 4GB address space. The Java Heap base address is the
#     maximum limit for the native heap growth. Please use -XX:HeapBaseMinAddress
#     to set the Java Heap base and to place the Java Heap above 4GB virtual address.
# This output file may be truncated or incomplete.
#
#  Out of Memory Error (./open/src/hotspot/share/memory/arena.cpp:197), pid=5724, tid=12092
#
# JRE version: Java(TM) SE Runtime Environment 18.9 (11.0.9+7) (build 11.0.9+7-LTS)
# Java VM: Java HotSpot(TM) 64-Bit Server VM 18.9 (11.0.9+7-LTS, mixed mode, tiered, compressed oops, g1 gc, windows-amd64)
# No core dump will be written. Minidumps are not enabled by default on client versions of Windows
#

---------------  S U M M A R Y ------------

Command Line: -ea -javaagent:C:\Users\Администратор\.m2\repository/org/aspectj/aspectjweaver/1.9.4/aspectjweaver-1.9.4.jar -Didea.test.cyclic.buffer.size=1048576 -javaagent:C:\IntelliJ IDEA Community Edition 2020.2.3\lib\idea_rt.jar=58952:C:\IntelliJ IDEA Community Edition 2020.2.3\bin -Dfile.encoding=UTF-8 com.intellij.rt.junit.JUnitStarter -ideVersion5 -junit5 test1.Test1,step

Host: Intel(R) Core(TM) i3-2350M CPU @ 2.30GHz, 4 cores, 3G,  Windows 7 , 64 bit Build 7601 (6.1.7601.24545)
Time: Tue Aug 16 16:43:09 2022 RTZ 2 (ceia) elapsed time: 14.939238 seconds (0d 0h 0m 14s)

---------------  T H R E A D  ---------------

Current thread (0x000000005ff37000):  JavaThread "C2 CompilerThread0" daemon [_thread_in_native, id=12092, stack(0x000000001f3d0000,0x000000001f4d0000)]


Current CompileTask:
C2:  14939 3233 %     4       java.lang.StringUTF16::replace @ 71 (168 bytes)

Stack: [0x000000001f3d0000,0x000000001f4d0000]
Native frames: (J=compiled Java code, j=interpreted, Vv=VM code, C=native code)
V  [jvm.dll+0x611a3a]
V  [jvm.dll+0x748aaf]
V  [jvm.dll+0x74a135]
V  [jvm.dll+0x74a7b3]
V  [jvm.dll+0x2439f8]
V  [jvm.dll+0xba2bc]
V  [jvm.dll+0xba9bc]
V  [jvm.dll+0x3454a2]
V  [jvm.dll+0x313343]
V  [jvm.dll+0x31268a]
V  [jvm.dll+0x1fd495]
V  [jvm.dll+0x1fc64f]
V  [jvm.dll+0x17f08c]
V  [jvm.dll+0x20bc54]
V  [jvm.dll+0x209d2b]
V  [jvm.dll+0x7103d9]
V  [jvm.dll+0x709114]
V  [jvm.dll+0x610cb6]
C  [ucrtbase.DLL+0x1d912]
C  [kernel32.dll+0x1556d]
C  [ntdll.dll+0x5372d]


---------------  P R O C E S S  ---------------

Threads class SMR info:
_java_thread_list=0x00000000668eccf0, length=17, elements={
0x00000000002c6000, 0x000000001f1c9000, 0x000000001f1cd000, 0x000000005ff32000,
0x000000005ff35800, 0x000000005ff37000, 0x000000005ff3d800, 0x000000005ff49800,
0x000000001f175800, 0x000000006110e800, 0x00000000612a8000, 0x0000000064556000,
0x0000000065247000, 0x00000000652ce000, 0x000000006455f000, 0x0000000062b3b000,
0x0000000062b3c000
}

Java Threads: ( => current thread )
  0x00000000002c6000 JavaThread "Forwarding newSession on session null to remote" [_thread_in_native, id=12052, stack(0x0000000002330000,0x0000000002430000)]
  0x000000001f1c9000 JavaThread "Reference Handler" daemon [_thread_blocked, id=9940, stack(0x00000000601b0000,0x00000000602b0000)]
  0x000000001f1cd000 JavaThread "Finalizer" daemon [_thread_blocked, id=7948, stack(0x0000000060420000,0x0000000060520000)]
  0x000000005ff32000 JavaThread "Signal Dispatcher" daemon [_thread_blocked, id=10028, stack(0x00000000605d0000,0x00000000606d0000)]
  0x000000005ff35800 JavaThread "Attach Listener" daemon [_thread_blocked, id=1368, stack(0x000000001f1d0000,0x000000001f2d0000)]
=>0x000000005ff37000 JavaThread "C2 CompilerThread0" daemon [_thread_in_native, id=12092, stack(0x000000001f3d0000,0x000000001f4d0000)]
  0x000000005ff3d800 JavaThread "C1 CompilerThread0" daemon [_thread_blocked, id=6564, stack(0x0000000060750000,0x0000000060850000)]
  0x000000005ff49800 JavaThread "Sweeper thread" daemon [_thread_blocked, id=6420, stack(0x00000000608d0000,0x00000000609d0000)]
  0x000000001f175800 JavaThread "Common-Cleaner" daemon [_thread_blocked, id=8500, stack(0x0000000060320000,0x0000000060420000)]
  0x000000006110e800 JavaThread "Monitor Ctrl-Break" daemon [_thread_in_native, id=2668, stack(0x0000000061710000,0x0000000061810000)]
  0x00000000612a8000 JavaThread "Service Thread" daemon [_thread_blocked, id=11696, stack(0x0000000062f10000,0x0000000063010000)]
  0x0000000064556000 JavaThread "Exec Default Executor" daemon [_thread_in_native, id=6216, stack(0x0000000063020000,0x0000000063120000)]
  0x0000000065247000 JavaThread "UrlChecker-2" daemon [_thread_blocked, id=11436, stack(0x00000000676a0000,0x00000000677a0000)]
  0x00000000652ce000 JavaThread "Exec Stream Pumper" daemon [_thread_in_native, id=11780, stack(0x0000000067a90000,0x0000000067b90000)]
  0x000000006455f000 JavaThread "Exec Stream Pumper" daemon [_thread_in_native, id=3268, stack(0x0000000067910000,0x0000000067a10000)]
  0x0000000062b3b000 JavaThread "OkHttp ConnectionPool" daemon [_thread_blocked, id=11924, stack(0x00000000675a0000,0x00000000676a0000)]
  0x0000000062b3c000 JavaThread "Okio Watchdog" daemon [_thread_blocked, id=9316, stack(0x0000000067ec0000,0x0000000067fc0000)]

Other Threads:
  0x000000001f1bb800 VMThread "VM Thread" [stack: 0x00000000600b0000,0x00000000601b0000] [id=11304]
  0x0000000061315000 WatcherThread [stack: 0x0000000063130000,0x0000000063230000] [id=7272]
  0x00000000002de800 GCTaskThread "GC Thread#0" [stack: 0x0000000002520000,0x0000000002620000] [id=10484]
  0x0000000061132000 GCTaskThread "GC Thread#1" [stack: 0x0000000061970000,0x0000000061a70000] [id=9448]
  0x00000000002f9800 ConcurrentGCThread "G1 Main Marker" [stack: 0x000000001c9a0000,0x000000001caa0000] [id=11808]
  0x00000000002fc800 ConcurrentGCThread "G1 Conc#0" [stack: 0x000000001cb90000,0x000000001cc90000] [id=11708]
  0x000000001f103000 ConcurrentGCThread "G1 Refine#0" [stack: 0x000000001f2d0000,0x000000001f3d0000] [id=10348]
  0x000000001f104000 ConcurrentGCThread "G1 Young RemSet Sampling" [stack: 0x000000001f500000,0x000000001f600000] [id=12212]

Threads with active compile tasks:
C2 CompilerThread0  15002 3233 %     4       java.lang.StringUTF16::replace @ 71 (168 bytes)

VM state:not at safepoint (normal execution)

VM Mutex/Monitor currently owned by a thread: None

Heap address: 0x00000000c1400000, size: 1004 MB, Compressed Oops mode: 32-bit
Narrow klass base: 0x0000000000000000, Narrow klass shift: 0
Compressed class space size: 1073741824 Address: 0x000000001f600000

Heap:
 garbage-first heap   total 95232K, used 56251K [0x00000000c1400000, 0x0000000100000000)
  region size 1024K, 30 young (30720K), 3 survivors (3072K)
 Metaspace       used 31067K, capacity 31972K, committed 32176K, reserved 1077248K
  class space    used 3321K, capacity 3674K, committed 3760K, reserved 1048576K
Heap Regions: E=young(eden), S=young(survivor), O=old, HS=humongous(starts), HC=humongous(continues), CS=collection set, F=free, A=archive, TAMS=top-at-mark-start (previous, next)
|   0|0x00000000c1400000, 0x00000000c1500000, 0x00000000c1500000|100%| O|  |TAMS 0x00000000c1500000, 0x00000000c1400000| Untracked 
|   1|0x00000000c1500000, 0x00000000c1600000, 0x00000000c1600000|100%| O|  |TAMS 0x00000000c1600000, 0x00000000c1500000| Untracked 
|   2|0x00000000c1600000, 0x00000000c1700000, 0x00000000c1700000|100%| O|  |TAMS 0x00000000c1700000, 0x00000000c1600000| Untracked 
|   3|0x00000000c1700000, 0x00000000c1800000, 0x00000000c1800000|100%| O|  |TAMS 0x00000000c1800000, 0x00000000c1700000| Untracked 
|   4|0x00000000c1800000, 0x00000000c1900000, 0x00000000c1900000|100%| O|  |TAMS 0x00000000c1900000, 0x00000000c1800000| Untracked 
|   5|0x00000000c1900000, 0x00000000c1a00000, 0x00000000c1a00000|100%| O|  |TAMS 0x00000000c1a00000, 0x00000000c1900000| Untracked 
|   6|0x00000000c1a00000, 0x00000000c1b00000, 0x00000000c1b00000|100%| O|  |TAMS 0x00000000c1b00000, 0x00000000c1a00000| Untracked 
|   7|0x00000000c1b00000, 0x00000000c1c00000, 0x00000000c1c00000|100%| O|  |TAMS 0x00000000c1c00000, 0x00000000c1b00000| Untracked 
|   8|0x00000000c1c00000, 0x00000000c1d00000, 0x00000000c1d00000|100%| O|  |TAMS 0x00000000c1d00000, 0x00000000c1c00000| Untracked 
|   9|0x00000000c1d00000, 0x00000000c1e00000, 0x00000000c1e00000|100%| O|  |TAMS 0x00000000c1e00000, 0x00000000c1d00000| Untracked 
|  10|0x00000000c1e00000, 0x00000000c1f00000, 0x00000000c1f00000|100%| O|  |TAMS 0x00000000c1f00000, 0x00000000c1e00000| Untracked 
|  11|0x00000000c1f00000, 0x00000000c2000000, 0x00000000c2000000|100%| O|  |TAMS 0x00000000c2000000, 0x00000000c1f00000| Untracked 
|  12|0x00000000c2000000, 0x00000000c2100000, 0x00000000c2100000|100%| O|  |TAMS 0x00000000c2100000, 0x00000000c2000000| Untracked 
|  13|0x00000000c2100000, 0x00000000c2200000, 0x00000000c2200000|100%| O|  |TAMS 0x00000000c2200000, 0x00000000c2100000| Untracked 
|  14|0x00000000c2200000, 0x00000000c2300000, 0x00000000c2300000|100%| O|  |TAMS 0x00000000c2300000, 0x00000000c2200000| Untracked 
|  15|0x00000000c2300000, 0x00000000c2400000, 0x00000000c2400000|100%| O|  |TAMS 0x00000000c2400000, 0x00000000c2300000| Untracked 
|  16|0x00000000c2400000, 0x00000000c2500000, 0x00000000c2500000|100%| O|  |TAMS 0x00000000c24ed600, 0x00000000c2400000| Untracked 
|  17|0x00000000c2500000, 0x00000000c2600000, 0x00000000c2600000|100%| O|  |TAMS 0x00000000c2500000, 0x00000000c2500000| Untracked 
|  18|0x00000000c2600000, 0x00000000c2700000, 0x00000000c2700000|100%| O|  |TAMS 0x00000000c2600000, 0x00000000c2600000| Untracked 
|  19|0x00000000c2700000, 0x00000000c2800000, 0x00000000c2800000|100%| O|  |TAMS 0x00000000c2700000, 0x00000000c2700000| Untracked 
|  20|0x00000000c2800000, 0x00000000c2900000, 0x00000000c2900000|100%| O|  |TAMS 0x00000000c2800000, 0x00000000c2800000| Untracked 
|  21|0x00000000c2900000, 0x00000000c2a00000, 0x00000000c2a00000|100%| O|  |TAMS 0x00000000c2900000, 0x00000000c2900000| Untracked 
|  22|0x00000000c2a00000, 0x00000000c2b00000, 0x00000000c2b00000|100%| O|  |TAMS 0x00000000c2a00000, 0x00000000c2a00000| Untracked 
|  23|0x00000000c2b00000, 0x00000000c2c00000, 0x00000000c2c00000|100%| O|  |TAMS 0x00000000c2b00000, 0x00000000c2b00000| Untracked 
|  24|0x00000000c2c00000, 0x00000000c2d00000, 0x00000000c2d00000|100%| O|  |TAMS 0x00000000c2c00000, 0x00000000c2c00000| Untracked 
|  25|0x00000000c2d00000, 0x00000000c2e00000, 0x00000000c2e00000|100%| O|  |TAMS 0x00000000c2d00000, 0x00000000c2d00000| Untracked 
|  26|0x00000000c2e00000, 0x00000000c2e00000, 0x00000000c2f00000|  0%| F|  |TAMS 0x00000000c2e00000, 0x00000000c2e00000| Untracked 
|  27|0x00000000c2f00000, 0x00000000c2f00000, 0x00000000c3000000|  0%| F|  |TAMS 0x00000000c2f00000, 0x00000000c2f00000| Untracked 
|  28|0x00000000c3000000, 0x00000000c3000000, 0x00000000c3100000|  0%| F|  |TAMS 0x00000000c3000000, 0x00000000c3000000| Untracked 
|  29|0x00000000c3100000, 0x00000000c3100000, 0x00000000c3200000|  0%| F|  |TAMS 0x00000000c3100000, 0x00000000c3100000| Untracked 
|  30|0x00000000c3200000, 0x00000000c3200000, 0x00000000c3300000|  0%| F|  |TAMS 0x00000000c3200000, 0x00000000c3200000| Untracked 
|  31|0x00000000c3300000, 0x00000000c3300000, 0x00000000c3400000|  0%| F|  |TAMS 0x00000000c3300000, 0x00000000c3300000| Untracked 
|  32|0x00000000c3400000, 0x00000000c3400000, 0x00000000c3500000|  0%| F|  |TAMS 0x00000000c3400000, 0x00000000c3400000| Untracked 
|  33|0x00000000c3500000, 0x00000000c3500000, 0x00000000c3600000|  0%| F|  |TAMS 0x00000000c3500000, 0x00000000c3500000| Untracked 
|  34|0x00000000c3600000, 0x00000000c3600000, 0x00000000c3700000|  0%| F|  |TAMS 0x00000000c3600000, 0x00000000c3600000| Untracked 
|  35|0x00000000c3700000, 0x00000000c3700000, 0x00000000c3800000|  0%| F|  |TAMS 0x00000000c3700000, 0x00000000c3700000| Untracked 
|  36|0x00000000c3800000, 0x00000000c3800000, 0x00000000c3900000|  0%| F|  |TAMS 0x00000000c3800000, 0x00000000c3800000| Untracked 
|  37|0x00000000c3900000, 0x00000000c3900000, 0x00000000c3a00000|  0%| F|  |TAMS 0x00000000c3900000, 0x00000000c3900000| Untracked 
|  38|0x00000000c3a00000, 0x00000000c3a00000, 0x00000000c3b00000|  0%| F|  |TAMS 0x00000000c3a00000, 0x00000000c3a00000| Untracked 
|  39|0x00000000c3b00000, 0x00000000c3b00000, 0x00000000c3c00000|  0%| F|  |TAMS 0x00000000c3b00000, 0x00000000c3b00000| Untracked 
|  40|0x00000000c3c00000, 0x00000000c3ceedd0, 0x00000000c3d00000| 93%| S|CS|TAMS 0x00000000c3c00000, 0x00000000c3c00000| Complete 
|  41|0x00000000c3d00000, 0x00000000c3e00000, 0x00000000c3e00000|100%| S|CS|TAMS 0x00000000c3d00000, 0x00000000c3d00000| Complete 
|  42|0x00000000c3e00000, 0x00000000c3e00000, 0x00000000c3f00000|  0%| F|  |TAMS 0x00000000c3e00000, 0x00000000c3e00000| Untracked 
|  43|0x00000000c3f00000, 0x00000000c3f00000, 0x00000000c4000000|  0%| F|  |TAMS 0x00000000c3f00000, 0x00000000c3f00000| Untracked 
|  44|0x00000000c4000000, 0x00000000c4000000, 0x00000000c4100000|  0%| F|  |TAMS 0x00000000c4000000, 0x00000000c4000000| Untracked 
|  45|0x00000000c4100000, 0x00000000c4100000, 0x00000000c4200000|  0%| F|  |TAMS 0x00000000c4100000, 0x00000000c4100000| Untracked 
|  46|0x00000000c4200000, 0x00000000c4300000, 0x00000000c4300000|100%| S|CS|TAMS 0x00000000c4200000, 0x00000000c4200000| Complete 
|  47|0x00000000c4300000, 0x00000000c4300000, 0x00000000c4400000|  0%| F|  |TAMS 0x00000000c4300000, 0x00000000c4300000| Untracked 
|  48|0x00000000c4400000, 0x00000000c4400000, 0x00000000c4500000|  0%| F|  |TAMS 0x00000000c4400000, 0x00000000c4400000| Untracked 
|  49|0x00000000c4500000, 0x00000000c4500000, 0x00000000c4600000|  0%| F|  |TAMS 0x00000000c4500000, 0x00000000c4500000| Untracked 
|  50|0x00000000c4600000, 0x00000000c4600000, 0x00000000c4700000|  0%| F|  |TAMS 0x00000000c4600000, 0x00000000c4600000| Untracked 
|  51|0x00000000c4700000, 0x00000000c4700000, 0x00000000c4800000|  0%| F|  |TAMS 0x00000000c4700000, 0x00000000c4700000| Untracked 
|  52|0x00000000c4800000, 0x00000000c4800000, 0x00000000c4900000|  0%| F|  |TAMS 0x00000000c4800000, 0x00000000c4800000| Untracked 
|  53|0x00000000c4900000, 0x00000000c4900000, 0x00000000c4a00000|  0%| F|  |TAMS 0x00000000c4900000, 0x00000000c4900000| Untracked 
|  54|0x00000000c4a00000, 0x00000000c4a00000, 0x00000000c4b00000|  0%| F|  |TAMS 0x00000000c4a00000, 0x00000000c4a00000| Untracked 
|  55|0x00000000c4b00000, 0x00000000c4b00000, 0x00000000c4c00000|  0%| F|  |TAMS 0x00000000c4b00000, 0x00000000c4b00000| Untracked 
|  56|0x00000000c4c00000, 0x00000000c4c00000, 0x00000000c4d00000|  0%| F|  |TAMS 0x00000000c4c00000, 0x00000000c4c00000| Untracked 
|  57|0x00000000c4d00000, 0x00000000c4d00000, 0x00000000c4e00000|  0%| F|  |TAMS 0x00000000c4d00000, 0x00000000c4d00000| Untracked 
|  58|0x00000000c4e00000, 0x00000000c4e00000, 0x00000000c4f00000|  0%| F|  |TAMS 0x00000000c4e00000, 0x00000000c4e00000| Untracked 
|  59|0x00000000c4f00000, 0x00000000c4f00000, 0x00000000c5000000|  0%| F|  |TAMS 0x00000000c4f00000, 0x00000000c4f00000| Untracked 
|  60|0x00000000c5000000, 0x00000000c5000000, 0x00000000c5100000|  0%| F|  |TAMS 0x00000000c5000000, 0x00000000c5000000| Untracked 
|  61|0x00000000c5100000, 0x00000000c5100000, 0x00000000c5200000|  0%| F|  |TAMS 0x00000000c5100000, 0x00000000c5100000| Untracked 
|  62|0x00000000c5200000, 0x00000000c5200000, 0x00000000c5300000|  0%| F|  |TAMS 0x00000000c5200000, 0x00000000c5200000| Untracked 
|  63|0x00000000c5300000, 0x00000000c5300000, 0x00000000c5400000|  0%| F|  |TAMS 0x00000000c5300000, 0x00000000c5300000| Untracked 
|  64|0x00000000c5400000, 0x00000000c5400000, 0x00000000c5500000|  0%| F|  |TAMS 0x00000000c5400000, 0x00000000c5400000| Untracked 
|  65|0x00000000c5500000, 0x00000000c5500000, 0x00000000c5600000|  0%| F|  |TAMS 0x00000000c5500000, 0x00000000c5500000| Untracked 
|  66|0x00000000c5600000, 0x00000000c5700000, 0x00000000c5700000|100%| E|  |TAMS 0x00000000c5600000, 0x00000000c5600000| Complete 
|  67|0x00000000c5700000, 0x00000000c5800000, 0x00000000c5800000|100%| E|CS|TAMS 0x00000000c5700000, 0x00000000c5700000| Complete 
|  68|0x00000000c5800000, 0x00000000c5900000, 0x00000000c5900000|100%| E|CS|TAMS 0x00000000c5800000, 0x00000000c5800000| Complete 
|  69|0x00000000c5900000, 0x00000000c5a00000, 0x00000000c5a00000|100%| E|CS|TAMS 0x00000000c5900000, 0x00000000c5900000| Complete 
|  70|0x00000000c5a00000, 0x00000000c5b00000, 0x00000000c5b00000|100%| E|CS|TAMS 0x00000000c5a00000, 0x00000000c5a00000| Complete 
|  71|0x00000000c5b00000, 0x00000000c5c00000, 0x00000000c5c00000|100%| E|CS|TAMS 0x00000000c5b00000, 0x00000000c5b00000| Complete 
|  72|0x00000000c5c00000, 0x00000000c5d00000, 0x00000000c5d00000|100%| E|CS|TAMS 0x00000000c5c00000, 0x00000000c5c00000| Complete 
|  73|0x00000000c5d00000, 0x00000000c5e00000, 0x00000000c5e00000|100%| E|CS|TAMS 0x00000000c5d00000, 0x00000000c5d00000| Complete 
|  74|0x00000000c5e00000, 0x00000000c5f00000, 0x00000000c5f00000|100%| E|CS|TAMS 0x00000000c5e00000, 0x00000000c5e00000| Complete 
|  75|0x00000000c5f00000, 0x00000000c6000000, 0x00000000c6000000|100%| E|CS|TAMS 0x00000000c5f00000, 0x00000000c5f00000| Complete 
|  76|0x00000000c6000000, 0x00000000c6100000, 0x00000000c6100000|100%| E|CS|TAMS 0x00000000c6000000, 0x00000000c6000000| Complete 
|  77|0x00000000c6100000, 0x00000000c6200000, 0x00000000c6200000|100%| E|CS|TAMS 0x00000000c6100000, 0x00000000c6100000| Complete 
|  78|0x00000000c6200000, 0x00000000c6300000, 0x00000000c6300000|100%| E|CS|TAMS 0x00000000c6200000, 0x00000000c6200000| Complete 
|  79|0x00000000c6300000, 0x00000000c6400000, 0x00000000c6400000|100%| E|CS|TAMS 0x00000000c6300000, 0x00000000c6300000| Complete 
|  80|0x00000000c6400000, 0x00000000c6500000, 0x00000000c6500000|100%| E|CS|TAMS 0x00000000c6400000, 0x00000000c6400000| Complete 
|  81|0x00000000c6500000, 0x00000000c6600000, 0x00000000c6600000|100%| E|CS|TAMS 0x00000000c6500000, 0x00000000c6500000| Complete 
|  82|0x00000000c6600000, 0x00000000c6700000, 0x00000000c6700000|100%| E|CS|TAMS 0x00000000c6600000, 0x00000000c6600000| Complete 
|  83|0x00000000c6700000, 0x00000000c6800000, 0x00000000c6800000|100%| E|CS|TAMS 0x00000000c6700000, 0x00000000c6700000| Complete 
|  84|0x00000000c6800000, 0x00000000c6900000, 0x00000000c6900000|100%| E|CS|TAMS 0x00000000c6800000, 0x00000000c6800000| Complete 
|  85|0x00000000c6900000, 0x00000000c6a00000, 0x00000000c6a00000|100%| E|CS|TAMS 0x00000000c6900000, 0x00000000c6900000| Complete 
|  86|0x00000000c6a00000, 0x00000000c6b00000, 0x00000000c6b00000|100%| E|CS|TAMS 0x00000000c6a00000, 0x00000000c6a00000| Complete 
|  87|0x00000000c6b00000, 0x00000000c6c00000, 0x00000000c6c00000|100%| E|CS|TAMS 0x00000000c6b00000, 0x00000000c6b00000| Complete 
|  88|0x00000000c6c00000, 0x00000000c6d00000, 0x00000000c6d00000|100%| E|CS|TAMS 0x00000000c6c00000, 0x00000000c6c00000| Complete 
|  89|0x00000000c6d00000, 0x00000000c6e00000, 0x00000000c6e00000|100%| E|CS|TAMS 0x00000000c6d00000, 0x00000000c6d00000| Complete 
|  90|0x00000000c6e00000, 0x00000000c6f00000, 0x00000000c6f00000|100%| E|CS|TAMS 0x00000000c6e00000, 0x00000000c6e00000| Complete 
|  91|0x00000000c6f00000, 0x00000000c7000000, 0x00000000c7000000|100%| E|CS|TAMS 0x00000000c6f00000, 0x00000000c6f00000| Complete 
|  92|0x00000000c7000000, 0x00000000c7100000, 0x00000000c7100000|100%| E|CS|TAMS 0x00000000c7000000, 0x00000000c7000000| Complete 

Card table byte_map: [0x000000001a580000,0x000000001a780000] _byte_map_base: 0x0000000019f76000

Marking Bits (Prev, Next): (CMBitMap*) 0x00000000002f5140, (CMBitMap*) 0x00000000002f5108
 Prev Bits: [0x000000001b930000, 0x000000001c8e0000)
 Next Bits: [0x000000001a980000, 0x000000001b930000)

Polling page: 0x0000000000490000

Metaspace:

Usage:
  Non-class:     27.64 MB capacity,    27.11 MB ( 98%) used,   438.07 KB (  2%) free+waste,   106.88 KB ( <1%) overhead. 
      Class:      3.59 MB capacity,     3.25 MB ( 90%) used,   299.20 KB (  8%) free+waste,    52.00 KB (  1%) overhead. 
       Both:     31.23 MB capacity,    30.35 MB ( 97%) used,   737.27 KB (  2%) free+waste,   158.88 KB ( <1%) overhead. 

Virtual space:
  Non-class space:       28.00 MB reserved,      27.75 MB (>99%) committed 
      Class space:        1.00 GB reserved,       3.67 MB ( <1%) committed 
             Both:        1.03 GB reserved,      31.42 MB (  3%) committed 

Chunk freelists:
   Non-Class:  0 bytes
       Class:  512 bytes
        Both:  512 bytes

CodeHeap 'non-profiled nmethods': size=120064Kb used=1962Kb max_used=1962Kb free=118101Kb
 bounds [0x0000000012b10000, 0x0000000012d80000, 0x000000001a050000]
CodeHeap 'profiled nmethods': size=120000Kb used=8266Kb max_used=8266Kb free=111733Kb
 bounds [0x000000000b5e0000, 0x000000000be00000, 0x0000000012b10000]
CodeHeap 'non-nmethods': size=5696Kb used=1163Kb max_used=1200Kb free=4532Kb
 bounds [0x000000000b050000, 0x000000000b2c0000, 0x000000000b5e0000]
 total_blobs=3714 nmethods=3210 adapters=415
 compilation: enabled
              stopped_count=0, restarted_count=0
 full_count=0

Compilation events (10 events):
Event: 14.933 Thread 0x000000005ff3d800 nmethod 3240 0x000000000bde9e10 code [0x000000000bde9fe0, 0x000000000bdea420]
Event: 14.933 Thread 0x000000005ff3d800 3241       3       java.nio.HeapCharBuffer::put (54 bytes)
Event: 14.933 Thread 0x000000005ff3d800 nmethod 3241 0x000000000bdea590 code [0x000000000bdea7a0, 0x000000000bdeada0]
Event: 14.934 Thread 0x000000005ff3d800 3242       3       org.openqa.selenium.json.Input::append (57 bytes)
Event: 14.934 Thread 0x000000005ff3d800 nmethod 3242 0x000000000bdeb010 code [0x000000000bdeb1c0, 0x000000000bdeb418]
Event: 14.934 Thread 0x000000005ff3d800 3238   !   3       java.io.StringReader::read (133 bytes)
Event: 14.935 Thread 0x000000005ff3d800 nmethod 3238 0x000000000bdeb510 code [0x000000000bdeb740, 0x000000000bdec010]
Event: 14.935 Thread 0x000000005ff3d800 3239       3       java.io.StringReader::ensureOpen (18 bytes)
Event: 14.935 Thread 0x000000005ff3d800 nmethod 3239 0x000000000bdec410 code [0x000000000bdec5c0, 0x000000000bdec830]
Event: 14.935 Thread 0x000000005ff3d800 3243       3       org.openqa.selenium.json.Input::read (18 bytes)

GC Heap History (10 events):
Event: 5.185 GC heap before
{Heap before GC invocations=4 (full 0):
 garbage-first heap   total 65536K, used 44918K [0x00000000c1400000, 0x0000000100000000)
  region size 1024K, 30 young (30720K), 3 survivors (3072K)
 Metaspace       used 19517K, capacity 19753K, committed 19840K, reserved 1067008K
  class space    used 1764K, capacity 1839K, committed 1920K, reserved 1048576K
}
Event: 5.199 GC heap after
{Heap after GC invocations=5 (full 0):
 garbage-first heap   total 78848K, used 19187K [0x00000000c1400000, 0x0000000100000000)
  region size 1024K, 2 young (2048K), 2 survivors (2048K)
 Metaspace       used 19517K, capacity 19753K, committed 19840K, reserved 1067008K
  class space    used 1764K, capacity 1839K, committed 1920K, reserved 1048576K
}
Event: 6.042 GC heap before
{Heap before GC invocations=5 (full 0):
 garbage-first heap   total 78848K, used 39667K [0x00000000c1400000, 0x0000000100000000)
  region size 1024K, 23 young (23552K), 2 survivors (2048K)
 Metaspace       used 20963K, capacity 21257K, committed 21296K, reserved 1069056K
  class space    used 1962K, capacity 2067K, committed 2096K, reserved 1048576K
}
Event: 6.054 GC heap after
{Heap after GC invocations=6 (full 0):
 garbage-first heap   total 78848K, used 20768K [0x00000000c1400000, 0x0000000100000000)
  region size 1024K, 4 young (4096K), 4 survivors (4096K)
 Metaspace       used 20963K, capacity 21257K, committed 21296K, reserved 1069056K
  class space    used 1962K, capacity 2067K, committed 2096K, reserved 1048576K
}
Event: 7.205 GC heap before
{Heap before GC invocations=7 (full 0):
 garbage-first heap   total 78848K, used 52512K [0x00000000c1400000, 0x0000000100000000)
  region size 1024K, 35 young (35840K), 4 survivors (4096K)
 Metaspace       used 23528K, capacity 24192K, committed 24496K, reserved 1071104K
  class space    used 2382K, capacity 2648K, committed 2736K, reserved 1048576K
}
Event: 7.227 GC heap after
{Heap after GC invocations=8 (full 0):
 garbage-first heap   total 78848K, used 23233K [0x00000000c1400000, 0x0000000100000000)
  region size 1024K, 5 young (5120K), 5 survivors (5120K)
 Metaspace       used 23528K, capacity 24192K, committed 24496K, reserved 1071104K
  class space    used 2382K, capacity 2648K, committed 2736K, reserved 1048576K
}
Event: 8.052 GC heap before
{Heap before GC invocations=8 (full 0):
 garbage-first heap   total 78848K, used 54977K [0x00000000c1400000, 0x0000000100000000)
  region size 1024K, 36 young (36864K), 5 survivors (5120K)
 Metaspace       used 27001K, capacity 27670K, committed 27952K, reserved 1075200K
  class space    used 2784K, capacity 3056K, committed 3120K, reserved 1048576K
}
Event: 8.080 GC heap after
{Heap after GC invocations=9 (full 0):
 garbage-first heap   total 78848K, used 26488K [0x00000000c1400000, 0x0000000100000000)
  region size 1024K, 5 young (5120K), 5 survivors (5120K)
 Metaspace       used 27001K, capacity 27670K, committed 27952K, reserved 1075200K
  class space    used 2784K, capacity 3056K, committed 3120K, reserved 1048576K
}
Event: 9.113 GC heap before
{Heap before GC invocations=9 (full 0):
 garbage-first heap   total 78848K, used 57208K [0x00000000c1400000, 0x0000000100000000)
  region size 1024K, 35 young (35840K), 5 survivors (5120K)
 Metaspace       used 29092K, capacity 29986K, committed 30128K, reserved 1075200K
  class space    used 3101K, capacity 3438K, committed 3504K, reserved 1048576K
}
Event: 9.137 GC heap after
{Heap after GC invocations=10 (full 0):
 garbage-first heap   total 95232K, used 29627K [0x00000000c1400000, 0x0000000100000000)
  region size 1024K, 3 young (3072K), 3 survivors (3072K)
 Metaspace       used 29092K, capacity 29986K, committed 30128K, reserved 1075200K
  class space    used 3101K, capacity 3438K, committed 3504K, reserved 1048576K
}

Deoptimization events (10 events):
Event: 7.847 Thread 0x00000000002c6000 Uncommon trap: reason=unstable_if action=reinterpret pc=0x0000000012c6a7c0 method=java.lang.String.substring(I)Ljava/lang/String; @ 34 c2
Event: 7.861 Thread 0x00000000002c6000 Uncommon trap: reason=speculate_class_check action=maybe_recompile pc=0x0000000012c69524 method=java.lang.ThreadLocal.setInitialValue()Ljava/lang/Object; @ 35 c2
Event: 8.133 Thread 0x00000000002c6000 Uncommon trap: reason=unstable_if action=reinterpret pc=0x0000000012b8a778 method=java.lang.String.replace(CC)Ljava/lang/String; @ 2 c2
Event: 8.141 Thread 0x0000000064556000 Uncommon trap: reason=speculate_class_check action=maybe_recompile pc=0x0000000012c69524 method=java.lang.ThreadLocal.setInitialValue()Ljava/lang/Object; @ 35 c2
Event: 8.144 Thread 0x0000000064556000 Uncommon trap: reason=speculate_class_check action=maybe_recompile pc=0x0000000012c69524 method=java.lang.ThreadLocal.setInitialValue()Ljava/lang/Object; @ 35 c2
Event: 8.146 Thread 0x0000000064556000 Uncommon trap: reason=unstable_if action=reinterpret pc=0x0000000012c46194 method=java.lang.StringBuffer.toString()Ljava/lang/String; @ 12 c2
Event: 8.725 Thread 0x00000000002c6000 Uncommon trap: reason=unstable_if action=reinterpret pc=0x0000000012bb6674 method=jdk.internal.jimage.ImageLocation.verify(Ljava/lang/String;Ljava/lang/String;[JLjdk/internal/jimage/ImageStrings;)Z @ 18 c2
Event: 8.863 Thread 0x00000000002c6000 Uncommon trap: reason=unstable_if action=reinterpret pc=0x0000000012cc2398 method=jdk.internal.org.objectweb.asm.Type.getArgumentsAndReturnSizes(Ljava/lang/String;)I @ 41 c2
Event: 8.931 Thread 0x00000000002c6000 Uncommon trap: reason=unloaded action=reinterpret pc=0x0000000012caea24 method=org.aspectj.apache.bcel.classfile.Attribute.readAttribute(Ljava/io/DataInputStream;Lorg/aspectj/apache/bcel/classfile/ConstantPool;)Lorg/aspectj/apache/bcel/classfile/Attribute
Event: 9.502 Thread 0x00000000002c6000 Uncommon trap: reason=unstable_if action=reinterpret pc=0x0000000012b5c764 method=sun.net.www.ParseUtil.firstEncodeIndex(Ljava/lang/String;)I @ 51 c2

Classes redefined (0 events):
No events

Internal exceptions (10 events):
Event: 8.229 Thread 0x0000000064556000 Exception <a 'java/lang/NoSuchMethodError'{0x00000000c5cdc168}: java.lang.invoke.DirectMethodHandle$Holder.invokeStatic(Ljava/lang/Object;Ljava/lang/Object;J)Ljava/lang/Object;> (0x00000000c5cdc168) thrown at [./open/src/hotspot/share/interpreter/linkReso
Event: 8.230 Thread 0x0000000064556000 Exception <a 'java/lang/NoSuchMethodError'{0x00000000c5ce2438}: java.lang.invoke.Invokers$Holder.linkToTargetMethod(Ljava/lang/Object;JLjava/lang/Object;)Ljava/lang/Object;> (0x00000000c5ce2438) thrown at [./open/src/hotspot/share/interpreter/linkResolver
Event: 8.682 Thread 0x0000000065247000 Exception <a 'java/net/SocketTimeoutException'{0x00000000c5ca8048}: connect timed out> (0x00000000c5ca8048) thrown at [./open/src/hotspot/share/prims/jni.cpp, line 632]
Event: 8.761 Thread 0x00000000002c6000 Exception <a 'java/lang/NoSuchMethodError'{0x00000000c58c2be8}: java.lang.invoke.DirectMethodHandle$Holder.invokeInterface(Ljava/lang/Object;Ljava/lang/Object;Ljava/lang/Object;)Ljava/lang/Object;> (0x00000000c58c2be8) thrown at [./open/src/hotspot/share/
Event: 8.761 Thread 0x00000000002c6000 Exception <a 'java/lang/IncompatibleClassChangeError'{0x00000000c58c60c0}: Found class java.lang.Object, but interface was expected> (0x00000000c58c60c0) thrown at [./open/src/hotspot/share/interpreter/linkResolver.cpp, line 838]
Event: 8.765 Thread 0x00000000002c6000 Exception <a 'java/lang/NoSuchMethodError'{0x00000000c58d2050}: java.lang.invoke.DirectMethodHandle$Holder.invokeInterface(Ljava/lang/Object;Ljava/lang/Object;Ljava/lang/Object;Ljava/lang/Object;)Ljava/lang/Object;> (0x00000000c58d2050) thrown at [./open/
Event: 8.863 Thread 0x00000000002c6000 Exception <a 'java/lang/NoSuchMethodError'{0x00000000c5198c58}: java.lang.invoke.DirectMethodHandle$Holder.invokeVirtual(Ljava/lang/Object;Ljava/lang/Object;)D> (0x00000000c5198c58) thrown at [./open/src/hotspot/share/interpreter/linkResolver.cpp, line 77
Event: 8.864 Thread 0x00000000002c6000 Exception <a 'java/lang/NoSuchMethodError'{0x00000000c519ef38}: java.lang.invoke.DirectMethodHandle$Holder.invokeVirtual(Ljava/lang/Object;Ljava/lang/Object;)F> (0x00000000c519ef38) thrown at [./open/src/hotspot/share/interpreter/linkResolver.cpp, line 77
Event: 8.865 Thread 0x00000000002c6000 Exception <a 'java/lang/NoSuchMethodError'{0x00000000c51a7958}: java.lang.invoke.DirectMethodHandle$Holder.invokeVirtual(Ljava/lang/Object;Ljava/lang/Object;)J> (0x00000000c51a7958) thrown at [./open/src/hotspot/share/interpreter/linkResolver.cpp, line 77
Event: 9.079 Thread 0x00000000002c6000 Exception <a 'java/lang/NoSuchMethodError'{0x00000000c45e7a38}: java.lang.invoke.DirectMethodHandle$Holder.invokeStatic(Ljava/lang/Object;Ljava/lang/Object;Ljava/lang/Object;Ljava/lang/Object;Ljava/lang/Object;)V> (0x00000000c45e7a38) thrown at [./open/sr

Events (10 events):
Event: 14.930 loading class org/openqa/selenium/json/JsonInput
Event: 14.930 loading class org/openqa/selenium/json/JsonInput done
Event: 14.930 loading class org/openqa/selenium/json/NumberCoercer
Event: 14.930 loading class org/openqa/selenium/json/NumberCoercer done
Event: 14.930 loading class org/openqa/selenium/json/NumberCoercer$1
Event: 14.930 loading class org/openqa/selenium/json/NumberCoercer$1 done
Event: 14.933 loading class java/math/BigDecimal$1
Event: 14.933 loading class java/math/BigDecimal$1 done
Event: 14.933 loading class java/math/MathContext
Event: 14.934 loading class java/math/MathContext done


Dynamic libraries:
0x000000013f4c0000 - 0x000000013f4cf000 	C:\Program Files\Java\jdk-11.0.9\bin\java.exe
0x0000000077900000 - 0x0000000077a9f000 	C:\Windows\SYSTEM32\ntdll.dll
0x00000000777e0000 - 0x00000000778ff000 	C:\Windows\system32\kernel32.dll
0x000007fefd6a0000 - 0x000007fefd707000 	C:\Windows\system32\KERNELBASE.dll
0x000007fef4030000 - 0x000007fef4048000 	C:\Program Files\Java\jdk-11.0.9\bin\jli.dll
0x000007fefdc80000 - 0x000007fefdd5b000 	C:\Windows\system32\ADVAPI32.dll
0x000007fefe000000 - 0x000007fefe09f000 	C:\Windows\system32\msvcrt.dll
0x000007fefe370000 - 0x000007fefe38f000 	C:\Windows\SYSTEM32\sechost.dll
0x000007fefd890000 - 0x000007fefd9bc000 	C:\Windows\system32\RPCRT4.dll
0x000007fefbe10000 - 0x000007fefc005000 	C:\Windows\WinSxS\amd64_microsoft.windows.common-controls_6595b64144ccf1df_6.0.7601.24483_none_e372d88f30fbb845\COMCTL32.dll
0x000007feff2c0000 - 0x000007feff327000 	C:\Windows\system32\GDI32.dll
0x00000000776e0000 - 0x00000000777da000 	C:\Windows\system32\USER32.dll
0x000007fefd9c0000 - 0x000007fefd9ce000 	C:\Windows\system32\LPK.dll
0x000007fefd9d0000 - 0x000007fefda9b000 	C:\Windows\system32\USP10.dll
0x000007fefd810000 - 0x000007fefd881000 	C:\Windows\system32\SHLWAPI.dll
0x000007fefd380000 - 0x000007fefd38c000 	C:\Windows\system32\VERSION.dll
0x000007fef4010000 - 0x000007fef4025000 	C:\Program Files\Java\jdk-11.0.9\bin\VCRUNTIME140.dll
0x000007fefacf0000 - 0x000007fefacf4000 	C:\Program Files\Java\jdk-11.0.9\bin\api-ms-win-crt-runtime-l1-1-0.dll
0x000007feeaa20000 - 0x000007feeab1a000 	C:\Program Files\Java\jdk-11.0.9\bin\ucrtbase.DLL
0x000007fefa680000 - 0x000007fefa683000 	C:\Program Files\Java\jdk-11.0.9\bin\api-ms-win-core-localization-l1-2-0.dll
0x000007fef8b60000 - 0x000007fef8b63000 	C:\Program Files\Java\jdk-11.0.9\bin\api-ms-win-core-processthreads-l1-1-1.dll
0x000007fef4000000 - 0x000007fef4003000 	C:\Program Files\Java\jdk-11.0.9\bin\api-ms-win-core-file-l1-2-0.dll
0x000007fef3ff0000 - 0x000007fef3ff3000 	C:\Program Files\Java\jdk-11.0.9\bin\api-ms-win-core-timezone-l1-1-0.dll
0x000007fef3fe0000 - 0x000007fef3fe3000 	C:\Program Files\Java\jdk-11.0.9\bin\api-ms-win-core-file-l2-1-0.dll
0x000007fef3fd0000 - 0x000007fef3fd3000 	C:\Program Files\Java\jdk-11.0.9\bin\api-ms-win-core-synch-l1-2-0.dll
0x000007fef3fc0000 - 0x000007fef3fc3000 	C:\Program Files\Java\jdk-11.0.9\bin\api-ms-win-crt-heap-l1-1-0.dll
0x000007fef3fb0000 - 0x000007fef3fb4000 	C:\Program Files\Java\jdk-11.0.9\bin\api-ms-win-crt-string-l1-1-0.dll
0x000007fef3fa0000 - 0x000007fef3fa4000 	C:\Program Files\Java\jdk-11.0.9\bin\api-ms-win-crt-stdio-l1-1-0.dll
0x000007fef3f90000 - 0x000007fef3f94000 	C:\Program Files\Java\jdk-11.0.9\bin\api-ms-win-crt-convert-l1-1-0.dll
0x000007fef3f80000 - 0x000007fef3f83000 	C:\Program Files\Java\jdk-11.0.9\bin\api-ms-win-crt-environment-l1-1-0.dll
0x000007fef3f40000 - 0x000007fef3f43000 	C:\Program Files\Java\jdk-11.0.9\bin\api-ms-win-crt-filesystem-l1-1-0.dll
0x000007fef3f30000 - 0x000007fef3f35000 	C:\Program Files\Java\jdk-11.0.9\bin\api-ms-win-crt-math-l1-1-0.dll
0x000007fef3f20000 - 0x000007fef3f23000 	C:\Program Files\Java\jdk-11.0.9\bin\api-ms-win-crt-locale-l1-1-0.dll
0x000007feff7e0000 - 0x000007feff80e000 	C:\Windows\system32\IMM32.DLL
0x000007fefdd60000 - 0x000007fefde6b000 	C:\Windows\system32\MSCTF.dll
0x000007fefd390000 - 0x000007fefd3c0000 	C:\Windows\system32\nvinitx.dll
0x000007fef95c0000 - 0x000007fef9642000 	C:\Windows\system32\NV\igdumd64.dll
0x000007fefdaa0000 - 0x000007fefdc77000 	C:\Windows\system32\SETUPAPI.dll
0x000007fefd620000 - 0x000007fefd656000 	C:\Windows\system32\CFGMGR32.dll
0x000007feffab0000 - 0x000007feffb8b000 	C:\Windows\system32\OLEAUT32.dll
0x000007feff8b0000 - 0x000007feffaaf000 	C:\Windows\system32\ole32.dll
0x000007fefd680000 - 0x000007fefd69a000 	C:\Windows\system32\DEVOBJ.dll
0x000007fef9660000 - 0x000007fef96e2000 	C:\Windows\system32\NV\igd10umd64.dll
0x000007feee850000 - 0x000007feee8eb000 	C:\Program Files\Java\jdk-11.0.9\bin\msvcp140.dll
0x000007fef3f10000 - 0x000007fef3f13000 	C:\Program Files\Java\jdk-11.0.9\bin\api-ms-win-crt-time-l1-1-0.dll
0x000007fef34e0000 - 0x000007fef34e3000 	C:\Program Files\Java\jdk-11.0.9\bin\api-ms-win-crt-utility-l1-1-0.dll
0x000007fee8600000 - 0x000007fee90f7000 	C:\Program Files\Java\jdk-11.0.9\bin\server\jvm.dll
0x000007fef5680000 - 0x000007fef5689000 	C:\Windows\system32\WSOCK32.dll
0x000007feff270000 - 0x000007feff2bd000 	C:\Windows\system32\WS2_32.dll
0x000007fefe3b0000 - 0x000007fefe3b8000 	C:\Windows\system32\NSI.dll
0x000007fef7af0000 - 0x000007fef7b2b000 	C:\Windows\system32\WINMM.dll
0x0000000077ab0000 - 0x0000000077ab7000 	C:\Windows\system32\PSAPI.DLL
0x000007fef34d0000 - 0x000007fef34e0000 	C:\Program Files\Java\jdk-11.0.9\bin\verify.dll
0x000007fef6f50000 - 0x000007fef7075000 	C:\Windows\system32\DBGHELP.DLL
0x000007feefdc0000 - 0x000007feefde8000 	C:\Program Files\Java\jdk-11.0.9\bin\java.dll
0x000007fef00a0000 - 0x000007fef00aa000 	C:\Program Files\Java\jdk-11.0.9\bin\jimage.dll
0x000007feeffa0000 - 0x000007feeffae000 	C:\Program Files\Java\jdk-11.0.9\bin\instrument.dll
0x000007fef0070000 - 0x000007fef0086000 	C:\Program Files\Java\jdk-11.0.9\bin\zip.dll
0x000007fefe4e0000 - 0x000007feff26b000 	C:\Windows\system32\SHELL32.dll
0x000007fefd450000 - 0x000007fefd45f000 	C:\Windows\system32\profapi.dll
0x000007feefef0000 - 0x000007feeff09000 	C:\Program Files\Java\jdk-11.0.9\bin\net.dll
0x000007fef9a70000 - 0x000007fef9ae1000 	C:\Windows\system32\WINHTTP.dll
0x000007fef9a00000 - 0x000007fef9a65000 	C:\Windows\system32\webio.dll
0x000007fefcb40000 - 0x000007fefcb95000 	C:\Windows\system32\mswsock.dll
0x000007fefcbc0000 - 0x000007fefcbc7000 	C:\Windows\System32\wship6.dll
0x000007feefda0000 - 0x000007feefdb2000 	C:\Program Files\Java\jdk-11.0.9\bin\nio.dll
0x000007feef120000 - 0x000007feef13a000 	C:\IntelliJ IDEA Community Edition 2020.2.3\bin\breakgen64.dll
0x000007fefcba0000 - 0x000007fefcbb8000 	C:\Windows\system32\CRYPTSP.dll
0x000007fefc8b0000 - 0x000007fefc8f7000 	C:\Windows\system32\rsaenh.dll
0x000007fefd470000 - 0x000007fefd48f000 	C:\Windows\system32\USERENV.dll
0x000007fefd2b0000 - 0x000007fefd2bf000 	C:\Windows\system32\CRYPTBASE.dll
0x000007fefac80000 - 0x000007fefaca7000 	C:\Windows\system32\IPHLPAPI.DLL
0x000007fefac70000 - 0x000007fefac7b000 	C:\Windows\system32\WINNSI.DLL
0x000007fefaa70000 - 0x000007fefaa88000 	C:\Windows\system32\dhcpcsvc.DLL
0x000007fefaa50000 - 0x000007fefaa61000 	C:\Windows\system32\dhcpcsvc6.DLL
0x000007fefafb0000 - 0x000007fefafc5000 	C:\Windows\system32\NLAapi.dll
0x000007fef5660000 - 0x000007fef5675000 	C:\Windows\system32\napinsp.dll
0x000007fef52c0000 - 0x000007fef52d9000 	C:\Windows\system32\pnrpnsp.dll
0x000007fefc9d0000 - 0x000007fefca2b000 	C:\Windows\system32\DNSAPI.dll
0x000007fef5280000 - 0x000007fef528b000 	C:\Windows\System32\winrnr.dll
0x000007fefc5c0000 - 0x000007fefc5c7000 	C:\Windows\System32\wshtcpip.dll
0x000007fef98c0000 - 0x000007fef98c8000 	C:\Windows\system32\rasadhlp.dll
0x000007fefaaf0000 - 0x000007fefab43000 	C:\Windows\System32\fwpuclnt.dll
0x000007feefc80000 - 0x000007feefc89000 	C:\Program Files\Java\jdk-11.0.9\bin\management.dll
0x000007feefc70000 - 0x000007feefc7b000 	C:\Program Files\Java\jdk-11.0.9\bin\management_ext.dll
0x000007feeea70000 - 0x000007feeea95000 	C:\Program Files\Java\jdk-11.0.9\bin\sunec.dll
0x000007feefc60000 - 0x000007feefc6d000 	C:\Program Files\Java\jdk-11.0.9\bin\sunmscapi.dll
0x000007fefd4a0000 - 0x000007fefd60d000 	C:\Windows\system32\CRYPT32.dll
0x000007fefd460000 - 0x000007fefd46f000 	C:\Windows\system32\MSASN1.dll
0x000007fefcd80000 - 0x000007fefcdd0000 	C:\Windows\system32\ncrypt.dll
0x000007fefcd50000 - 0x000007fefcd72000 	C:\Windows\system32\bcrypt.dll
0x000007fefd250000 - 0x000007fefd2a7000 	C:\Windows\system32\apphelp.dll

dbghelp: loaded successfully - version: 4.0.5 - missing functions: none
symbol engine: initialized successfully - sym options: 0x614 - pdb path: .;C:\Program Files\Java\jdk-11.0.9\bin;C:\Windows\SYSTEM32;C:\Windows\WinSxS\amd64_microsoft.windows.common-controls_6595b64144ccf1df_6.0.7601.24483_none_e372d88f30fbb845;C:\Windows\system32\NV;C:\Program Files\Java\jdk-11.0.9\bin\server;C:\IntelliJ IDEA Community Edition 2020.2.3\bin

VM Arguments:
jvm_args: -ea -javaagent:C:\Users\Администратор\.m2\repository/org/aspectj/aspectjweaver/1.9.4/aspectjweaver-1.9.4.jar -Didea.test.cyclic.buffer.size=1048576 -javaagent:C:\IntelliJ IDEA Community Edition 2020.2.3\lib\idea_rt.jar=58952:C:\IntelliJ IDEA Community Edition 2020.2.3\bin -Dfile.encoding=UTF-8 
java_command: com.intellij.rt.junit.JUnitStarter -ideVersion5 -junit5 test1.Test1,step
java_class_path (initial): C:\IntelliJ IDEA Community Edition 2020.2.3\lib\idea_rt.jar;C:\IntelliJ IDEA Community Edition 2020.2.3\plugins\junit\lib\junit5-rt.jar;C:\IntelliJ IDEA Community Edition 2020.2.3\plugins\junit\lib\junit-rt.jar;C:\Users\Администратор\IdeaProjects\BellLesson\Task_1_4\target\test-classes;C:\Users\Администратор\IdeaProjects\BellLesson\Task_1_4\target\classes;C:\Users\Администратор\.m2\repository\org\junit\jupiter\junit-jupiter-api\5.7.0-M1\junit-jupiter-api-5.7.0-M1.jar;C:\Users\Администратор\.m2\repository\org\apiguardian\apiguardian-api\1.1.0\apiguardian-api-1.1.0.jar;C:\Users\Администратор\.m2\repository\org\opentest4j\opentest4j\1.2.0\opentest4j-1.2.0.jar;C:\Users\Администратор\.m2\repository\org\junit\platform\junit-platform-commons\1.7.0-M1\junit-platform-commons-1.7.0-M1.jar;C:\Users\Администратор\.m2\repository\org\junit\jupiter\junit-jupiter-params\5.7.0-M1\junit-jupiter-params-5.7.0-M1.jar;C:\Users\Администратор\.m2\repository\org\junit\jupiter\junit-jupiter-engine\5.7.0-M1\junit-jupiter-engine-5.7.0-M1.jar;C:\Users\Администратор\.m2\repository\org\junit\platform\junit-platform-engine\1.7.0-M1\junit-platform-engine-1.7.0-M1.jar;C:\Users\Администратор\.m2\repository\org\seleniumhq\selenium\selenium-java\3.141.59\selenium-java-3.141.59.jar;C:\Users\Администратор\.m2\repository\org\seleniumhq\selenium\selenium-api\3.141.59\selenium-api-3.141.59.jar;C:\Users\Администратор\.m2\repository\org\seleniumhq\selenium\selenium-chrome-driver\3.141.59\selenium-chrome-driver-3.141.59.jar;C:\Users\Администратор\.m2\repository\org\seleniumhq\selenium\selenium-edge-driver\3.141.59\selenium-edge-driver-3.141.59.jar;C:\Users\Администратор\.m2\repository\org\seleniumhq\selenium\selenium-firefox-driver\3.141.59\selenium-firefox-driver-3.141.59.jar;C:\Users\Администратор\.m2\repository\org\seleniumhq\selenium\selenium-ie-driver\3.141.59\selenium-ie-driver-3.141.59.jar;C:\Users\Администратор\.m2\repository\org\seleniumhq\selenium\selenium-opera-driver\3.
Launcher Type: SUN_STANDARD

[Global flags]
     intx CICompilerCount                          = 3                                         {product} {ergonomic}
     uint ConcGCThreads                            = 1                                         {product} {ergonomic}
     uint G1ConcRefinementThreads                  = 4                                         {product} {ergonomic}
   size_t G1HeapRegionSize                         = 1048576                                   {product} {ergonomic}
    uintx GCDrainStackTargetSize                   = 64                                        {product} {ergonomic}
   size_t InitialHeapSize                          = 67108864                                  {product} {ergonomic}
   size_t MarkStackSize                            = 4194304                                   {product} {ergonomic}
   size_t MaxHeapSize                              = 1052770304                                {product} {ergonomic}
   size_t MaxNewSize                               = 631242752                                 {product} {ergonomic}
   size_t MinHeapDeltaBytes                        = 1048576                                   {product} {ergonomic}
    uintx NonNMethodCodeHeapSize                   = 5830732                                {pd product} {ergonomic}
    uintx NonProfiledCodeHeapSize                  = 122913754                              {pd product} {ergonomic}
    uintx ProfiledCodeHeapSize                     = 122913754                              {pd product} {ergonomic}
    uintx ReservedCodeCacheSize                    = 251658240                              {pd product} {ergonomic}
     bool SegmentedCodeCache                       = true                                      {product} {ergonomic}
     bool UseCompressedClassPointers               = true                                 {lp64_product} {ergonomic}
     bool UseCompressedOops                        = true                                 {lp64_product} {ergonomic}
     bool UseG1GC                                  = true                                      {product} {ergonomic}
     bool UseLargePagesIndividualAllocation        = false                                  {pd product} {ergonomic}

Logging:
Log output configuration:
 #0: stdout all=warning uptime,level,tags
 #1: stderr all=off uptime,level,tags

Environment Variables:
PATH=C:\Program Files\Common Files\Oracle\Java\javapath;C:\Windows\system32;C:\Windows;C:\Windows\System32\Wbem;C:\Windows\System32\WindowsPowerShell\v1.0\;C:\Program Files\Git\cmd;C:\Users\Администратор\IdeaProjects\maven\tools\apache-maven-3.8.4\bin\bin;C:/IntelliJ IDEA Community Edition 2020.2.3/plugins/maven/lib/maven3\bin;%JAVA_HOME%bin\;C:\Program Files\MySQL\MySQL Shell 8.0\bin\;%C:\Program Files\PostgreSQL\14\bin
USERNAME=Администратор
OS=Windows_NT
PROCESSOR_IDENTIFIER=Intel64 Family 6 Model 42 Stepping 7, GenuineIntel



---------------  S Y S T E M  ---------------

OS: Windows 7 , 64 bit Build 7601 (6.1.7601.24545)

CPU:total 4 (initial active 4) (2 cores per cpu, 2 threads per core) family 6 model 42 stepping 7, cmov, cx8, fxsr, mmx, sse, sse2, sse3, ssse3, sse4.1, sse4.2, popcnt, avx, clmul, ht, tsc, tscinvbit

Memory: 4k page, system-wide physical 4010M (319M free)
TotalPageFile size 16038M (AvailPageFile size 5M)
current process WorkingSet (physical memory assigned to process): 182M, peak: 230M
current process commit charge ("private bytes"): 216M, peak: 263M

vm_info: Java HotSpot(TM) 64-Bit Server VM (11.0.9+7-LTS) for windows-amd64 JRE (11.0.9+7-LTS), built on Sep 15 2020 16:47:03 by "mach5one" with MS VC++ 15.9 (VS2017)

END.
